0 verbose cli C:\Program Files\nodejs\node.exe C:\Program Files\nodejs\node_modules\npm\bin\npm-cli.js
1 info using npm@11.5.1
2 info using node@v24.6.0
3 silly config load:file:C:\Program Files\nodejs\node_modules\npm\npmrc
4 silly config load:file:C:\Users\HP\Desktop\Yash_Engineering\YashEngineering\backend\.npmrc
5 silly config load:file:C:\Users\HP\.npmrc
6 silly config load:file:C:\Users\HP\Desktop\Yash_Engineering\YashEngineering\backend\%APPDATA%\npm\etc\npmrc
7 verbose title npm run deb
8 verbose argv "run" "deb"
9 verbose logfile logs-max:10 dir:C:\Users\HP\Desktop\Yash_Engineering\YashEngineering\backend\%APPDATA%\npm-cache\_logs\2026-01-01T10_29_21_646Z-
10 verbose logfile C:\Users\HP\Desktop\Yash_Engineering\YashEngineering\backend\%APPDATA%\npm-cache\_logs\2026-01-01T10_29_21_646Z-debug-0.log
11 silly logfile start cleaning logs, removing 1 files
12 silly logfile done cleaning log files
13 verbose stack Error: Missing script: "deb"
13 verbose stack
13 verbose stack Did you mean this?
13 verbose stack   npm run dev # run the "dev" package script
13 verbose stack
13 verbose stack To see a list of scripts, run:
13 verbose stack   npm run
13 verbose stack     at #run (C:\Program Files\nodejs\node_modules\npm\lib\commands\run.js:115:13)
13 verbose stack     at async RunScript.exec (C:\Program Files\nodejs\node_modules\npm\lib\commands\run.js:44:7)
13 verbose stack     at async Npm.exec (C:\Program Files\nodejs\node_modules\npm\lib\npm.js:208:9)
13 verbose stack     at async module.exports (C:\Program Files\nodejs\node_modules\npm\lib\cli\entry.js:67:5)
14 error Missing script: "deb"
14 error
14 error Did you mean this?
14 error   npm run dev # run the "dev" package script
14 error
14 error To see a list of scripts, run:
14 error   npm run
15 verbose cwd C:\Users\HP\Desktop\Yash_Engineering\YashEngineering\backend
16 verbose os Windows_NT 10.0.19045
17 verbose node v24.6.0
18 verbose npm  v11.5.1
19 verbose exit 1
20 verbose code 1
21 error A complete log of this run can be found in: C:\Users\HP\Desktop\Yash_Engineering\YashEngineering\backend\%APPDATA%\npm-cache\_logs\2026-01-01T10_29_21_646Z-debug-0.log
