0 verbose cli C:\Program Files\nodejs\node.exe C:\Program Files\nodejs\node_modules\npm\bin\npm-cli.js
1 info using npm@11.5.1
2 info using node@v24.6.0
3 silly config load:file:C:\Program Files\nodejs\node_modules\npm\npmrc
4 silly config load:file:C:\Users\HP\Desktop\Yash_Engineering\YashEngineering\backend\.npmrc
5 silly config load:file:C:\Users\HP\.npmrc
6 silly config load:file:C:\Users\HP\Desktop\Yash_Engineering\YashEngineering\backend\%APPDATA%\npm\etc\npmrc
7 verbose title npm run dev
8 verbose argv "run" "dev"
9 verbose logfile logs-max:10 dir:C:\Users\HP\Desktop\Yash_Engineering\YashEngineering\backend\%APPDATA%\npm-cache\_logs\2026-01-01T05_03_33_172Z-
10 verbose logfile C:\Users\HP\Desktop\Yash_Engineering\YashEngineering\backend\%APPDATA%\npm-cache\_logs\2026-01-01T05_03_33_172Z-debug-0.log
11 silly logfile start cleaning logs, removing 1 files
12 silly logfile done cleaning log files
13 verbose cwd C:\Users\HP\Desktop\Yash_Engineering\YashEngineering\backend
14 verbose os Windows_NT 10.0.19045
15 verbose node v24.6.0
16 verbose npm  v11.5.1
17 verbose exit 1
18 verbose code 1
19 error A complete log of this run can be found in: C:\Users\HP\Desktop\Yash_Engineering\YashEngineering\backend\%APPDATA%\npm-cache\_logs\2026-01-01T05_03_33_172Z-debug-0.log
